I, [2021-04-22T08:48:03.868347 #37214]  INFO -- : Registered expected interaction GET /movies/42
D, [2021-04-22T08:48:03.868568 #37214] DEBUG -- : {
  "description": "a GET request for a movie",
  "providerState": "a movie exists",
  "request": {
    "method": "GET",
    "path": "/movies/42",
    "headers": {
      "Accept": {
        "json_class": "Pact::Term",
        "data": {
          "generate": "application/json; charset=utf-8",
          "matcher": {
            "json_class": "Regexp",
            "o": 0,
            "s": "application\\/json; *charset=utf-8"
          }
        }
      }
    }
  },
  "response": {
    "status": 200,
    "headers": {
      "Content-Type": {
        "json_class": "Pact::Term",
        "data": {
          "generate": "application/json; charset=utf-8",
          "matcher": {
            "json_class": "Regexp",
            "o": 0,
            "s": "application\\/json; *charset=utf-8"
          }
        }
      }
    },
    "body": {
      "json_class": "Pact::SomethingLike",
      "contents": {
        "id": 42,
        "name": "The Silence of the Lambs",
        "genre": "Jonathan Demme",
        "director": "Terror",
        "year": 1991
      }
    }
  },
  "metadata": null
}
I, [2021-04-22T08:48:03.885795 #37214]  INFO -- : Received request GET /movies/42
D, [2021-04-22T08:48:03.885902 #37214] DEBUG -- : {
  "path": "/movies/42",
  "query": "",
  "method": "get",
  "headers": {
    "Accept": "application/json; charset=utf-8",
    "Referer": "http://localhost/",
    "User-Agent": "Mozilla/5.0 (darwin) AppleWebKit/537.36 (KHTML, like Gecko) jsdom/16.4.0",
    "Accept-Language": "en",
    "Origin": "http://localhost",
    "Host": "localhost:1234",
    "Accept-Encoding": "gzip, deflate",
    "Connection": "keep-alive",
    "Version": "HTTP/1.1"
  }
}
I, [2021-04-22T08:48:03.886199 #37214]  INFO -- : Found matching response for GET /movies/42
D, [2021-04-22T08:48:03.886319 #37214] DEBUG -- : {
  "status": 200,
  "headers": {
    "Content-Type": {
      "json_class": "Pact::Term",
      "data": {
        "generate": "application/json; charset=utf-8",
        "matcher": {
          "json_class": "Regexp",
          "o": 0,
          "s": "application\\/json; *charset=utf-8"
        }
      }
    }
  },
  "body": {
    "json_class": "Pact::SomethingLike",
    "contents": {
      "id": 42,
      "name": "The Silence of the Lambs",
      "genre": "Jonathan Demme",
      "director": "Terror",
      "year": 1991
    }
  }
}
I, [2021-04-22T08:48:03.908714 #37214]  INFO -- : Verifying - interactions matched
I, [2021-04-22T08:48:03.912241 #37214]  INFO -- : Cleared interactions
I, [2021-04-22T08:48:03.917212 #37214]  INFO -- : Registered expected interaction POST /movies
D, [2021-04-22T08:48:03.917373 #37214] DEBUG -- : {
  "description": "a POST request to create a movie",
  "providerState": "provider allows movie creation",
  "request": {
    "method": "POST",
    "path": "/movies",
    "headers": {
      "Accept": {
        "json_class": "Pact::Term",
        "data": {
          "generate": "application/json; charset=utf-8",
          "matcher": {
            "json_class": "Regexp",
            "o": 0,
            "s": "application\\/json; *charset=utf-8"
          }
        }
      },
      "Content-Type": {
        "json_class": "Pact::Term",
        "data": {
          "generate": "application/json; charset=utf-8",
          "matcher": {
            "json_class": "Regexp",
            "o": 0,
            "s": "application\\/json; *charset=utf-8"
          }
        }
      }
    },
    "body": {
      "name": "The Silence of the Lambs",
      "genre": "Jonathan Demme",
      "director": "Terror",
      "year": 1991
    }
  },
  "response": {
    "status": 201,
    "headers": {
      "Content-Type": {
        "json_class": "Pact::Term",
        "data": {
          "generate": "application/json; charset=utf-8",
          "matcher": {
            "json_class": "Regexp",
            "o": 0,
            "s": "application\\/json; *charset=utf-8"
          }
        }
      }
    },
    "body": {
      "json_class": "Pact::SomethingLike",
      "contents": {
        "id": 42,
        "name": "The Silence of the Lambs",
        "genre": "Jonathan Demme",
        "director": "Terror",
        "year": 1991
      }
    }
  },
  "metadata": null
}
I, [2021-04-22T08:48:03.924759 #37214]  INFO -- : Received request POST /movies
D, [2021-04-22T08:48:03.924869 #37214] DEBUG -- : {
  "path": "/movies",
  "query": "",
  "method": "post",
  "body": {
    "name": "The Silence of the Lambs",
    "genre": "Jonathan Demme",
    "director": "Terror",
    "year": 1991
  },
  "headers": {
    "Content-Length": "92",
    "Content-Type": "application/json; charset=utf-8",
    "Accept": "application/json; charset=utf-8",
    "Referer": "http://localhost/",
    "User-Agent": "Mozilla/5.0 (darwin) AppleWebKit/537.36 (KHTML, like Gecko) jsdom/16.4.0",
    "Accept-Language": "en",
    "Origin": "http://localhost",
    "Host": "localhost:1234",
    "Accept-Encoding": "gzip, deflate",
    "Connection": "keep-alive",
    "Version": "HTTP/1.1"
  }
}
I, [2021-04-22T08:48:03.925069 #37214]  INFO -- : Found matching response for POST /movies
D, [2021-04-22T08:48:03.925175 #37214] DEBUG -- : {
  "status": 201,
  "headers": {
    "Content-Type": {
      "json_class": "Pact::Term",
      "data": {
        "generate": "application/json; charset=utf-8",
        "matcher": {
          "json_class": "Regexp",
          "o": 0,
          "s": "application\\/json; *charset=utf-8"
        }
      }
    }
  },
  "body": {
    "json_class": "Pact::SomethingLike",
    "contents": {
      "id": 42,
      "name": "The Silence of the Lambs",
      "genre": "Jonathan Demme",
      "director": "Terror",
      "year": 1991
    }
  }
}
I, [2021-04-22T08:48:03.930147 #37214]  INFO -- : Verifying - interactions matched
I, [2021-04-22T08:48:03.933172 #37214]  INFO -- : Cleared interactions
I, [2021-04-22T08:48:03.936613 #37214]  INFO -- : Updating pact for movies-provider at /Users/sauldeleonguerrero/Documents/dev/pact/hachebo-consumer/pacts/hachebo-consumer-movies-provider.json
I, [2021-04-22T08:48:03.937470 #37214]  INFO -- : *****************************************************************************
I, [2021-04-22T08:48:03.937559 #37214]  INFO -- : Updating existing file ./Users/sauldeleonguerrero/Documents/dev/pact/hachebo-consumer/pacts/hachebo-consumer-movies-provider.json as pactfile_write_mode is :update
I, [2021-04-22T08:48:03.937587 #37214]  INFO -- : Only interactions defined in this test run will be updated.
I, [2021-04-22T08:48:03.937625 #37214]  INFO -- : As interactions are identified by description and provider state, pleased note that if either of these have changed, the old interactions won't be removed from the pact file until the specs are next run with :pactfile_write_mode => :overwrite.
I, [2021-04-22T08:48:03.937649 #37214]  INFO -- : *****************************************************************************
