I, [2021-04-25T19:10:49.477986 #93683]  INFO -- : Registered expected interaction GET /movies/42
D, [2021-04-25T19:10:49.478241 #93683] DEBUG -- : {
  "description": "a GET request for a movie",
  "providerState": "a movie exists",
  "request": {
    "method": "GET",
    "path": "/movies/42",
    "headers": {
      "Accept": {
        "json_class": "Pact::Term",
        "data": {
          "generate": "application/json; charset=utf-8",
          "matcher": {
            "json_class": "Regexp",
            "o": 0,
            "s": "application\\/json; *charset=utf-8"
          }
        }
      }
    }
  },
  "response": {
    "status": 200,
    "headers": {
      "Content-Type": {
        "json_class": "Pact::Term",
        "data": {
          "generate": "application/json; charset=utf-8",
          "matcher": {
            "json_class": "Regexp",
            "o": 0,
            "s": "application\\/json; *charset=utf-8"
          }
        }
      }
    },
    "body": {
      "json_class": "Pact::SomethingLike",
      "contents": {
        "id": 42,
        "name": "The Silence of the Lambs",
        "genre": "Jonathan Demme",
        "director": "Terror",
        "year": 1991
      }
    }
  },
  "metadata": null
}
I, [2021-04-25T19:10:49.486445 #93683]  INFO -- : Received request GET /movies/42
D, [2021-04-25T19:10:49.486582 #93683] DEBUG -- : {
  "path": "/movies/42",
  "query": "",
  "method": "get",
  "headers": {
    "Accept": "application/json; charset=utf-8",
    "Referer": "http://localhost/",
    "User-Agent": "Mozilla/5.0 (darwin) AppleWebKit/537.36 (KHTML, like Gecko) jsdom/16.5.3",
    "Accept-Language": "en",
    "Origin": "http://localhost",
    "Host": "localhost:1234",
    "Accept-Encoding": "gzip, deflate",
    "Connection": "keep-alive",
    "Version": "HTTP/1.1"
  }
}
I, [2021-04-25T19:10:49.486891 #93683]  INFO -- : Found matching response for GET /movies/42
D, [2021-04-25T19:10:49.487028 #93683] DEBUG -- : {
  "status": 200,
  "headers": {
    "Content-Type": {
      "json_class": "Pact::Term",
      "data": {
        "generate": "application/json; charset=utf-8",
        "matcher": {
          "json_class": "Regexp",
          "o": 0,
          "s": "application\\/json; *charset=utf-8"
        }
      }
    }
  },
  "body": {
    "json_class": "Pact::SomethingLike",
    "contents": {
      "id": 42,
      "name": "The Silence of the Lambs",
      "genre": "Jonathan Demme",
      "director": "Terror",
      "year": 1991
    }
  }
}
I, [2021-04-25T19:10:49.497472 #93683]  INFO -- : Verifying - interactions matched
I, [2021-04-25T19:10:49.501077 #93683]  INFO -- : Cleared interactions
I, [2021-04-25T19:10:49.505425 #93683]  INFO -- : Registered expected interaction POST /movies
D, [2021-04-25T19:10:49.505572 #93683] DEBUG -- : {
  "description": "a POST request to create a movie",
  "providerState": "provider allows movie creation",
  "request": {
    "method": "POST",
    "path": "/movies",
    "headers": {
      "Accept": {
        "json_class": "Pact::Term",
        "data": {
          "generate": "application/json; charset=utf-8",
          "matcher": {
            "json_class": "Regexp",
            "o": 0,
            "s": "application\\/json; *charset=utf-8"
          }
        }
      },
      "Content-Type": {
        "json_class": "Pact::Term",
        "data": {
          "generate": "application/json; charset=utf-8",
          "matcher": {
            "json_class": "Regexp",
            "o": 0,
            "s": "application\\/json; *charset=utf-8"
          }
        }
      }
    },
    "body": {
      "name": "The Silence of the Lambs",
      "genre": "Jonathan Demme",
      "director": "Terror",
      "year": 1991
    }
  },
  "response": {
    "status": 201,
    "headers": {
      "Content-Type": {
        "json_class": "Pact::Term",
        "data": {
          "generate": "application/json; charset=utf-8",
          "matcher": {
            "json_class": "Regexp",
            "o": 0,
            "s": "application\\/json; *charset=utf-8"
          }
        }
      }
    },
    "body": {
      "json_class": "Pact::SomethingLike",
      "contents": {
        "id": 42,
        "name": "The Silence of the Lambs",
        "genre": "Jonathan Demme",
        "director": "Terror",
        "year": 1991
      }
    }
  },
  "metadata": null
}
I, [2021-04-25T19:10:49.511857 #93683]  INFO -- : Received request POST /movies
D, [2021-04-25T19:10:49.512006 #93683] DEBUG -- : {
  "path": "/movies",
  "query": "",
  "method": "post",
  "body": {
    "name": "The Silence of the Lambs",
    "genre": "Jonathan Demme",
    "director": "Terror",
    "year": 1991
  },
  "headers": {
    "Content-Length": "92",
    "Content-Type": "application/json; charset=utf-8",
    "Accept": "application/json; charset=utf-8",
    "Referer": "http://localhost/",
    "User-Agent": "Mozilla/5.0 (darwin) AppleWebKit/537.36 (KHTML, like Gecko) jsdom/16.5.3",
    "Accept-Language": "en",
    "Origin": "http://localhost",
    "Host": "localhost:1234",
    "Accept-Encoding": "gzip, deflate",
    "Connection": "keep-alive",
    "Version": "HTTP/1.1"
  }
}
I, [2021-04-25T19:10:49.512211 #93683]  INFO -- : Found matching response for POST /movies
D, [2021-04-25T19:10:49.512299 #93683] DEBUG -- : {
  "status": 201,
  "headers": {
    "Content-Type": {
      "json_class": "Pact::Term",
      "data": {
        "generate": "application/json; charset=utf-8",
        "matcher": {
          "json_class": "Regexp",
          "o": 0,
          "s": "application\\/json; *charset=utf-8"
        }
      }
    }
  },
  "body": {
    "json_class": "Pact::SomethingLike",
    "contents": {
      "id": 42,
      "name": "The Silence of the Lambs",
      "genre": "Jonathan Demme",
      "director": "Terror",
      "year": 1991
    }
  }
}
I, [2021-04-25T19:10:49.516278 #93683]  INFO -- : Verifying - interactions matched
I, [2021-04-25T19:10:49.519395 #93683]  INFO -- : Cleared interactions
I, [2021-04-25T19:10:49.523688 #93683]  INFO -- : Updating pact for movies-provider at /Users/sauldeleonguerrero/Documents/dev/pact/packages/hachebo-consumer/pacts/hachebo-consumer-movies-provider.json
